[FRONTEND] NEW REQUEST: 8
[FRONTEND] NEW REQUEST: 4
[FRONTEND] NEW REQUEST: 4
[FRONTEND] NEW REQUEST: 10
[FRONTEND] NEW REQUEST: 6
[FRONTEND] NEW REQUEST: 8
[FRONTEND] NEW REQUEST: 11
[FRONTEND] NEW REQUEST: 4
[FRONTEND] NEW REQUEST: 7
[FRONTEND] NEW REQUEST: 4
[BACKEND] Solution 1: 1
[BACKEND] Solution 2: 1
[FRONTEND] Request:
------
	8
	Solution: 1
	Time Running: 0 ms
------

[BACKEND] Solution 1: 1
[BACKEND] Solution 2: 1
[HEALTH] RESTORE BACKEND
[FRONTEND] Request:
------
	4
	Solution: 1
	Time Running: 0 ms
------

[RECOVERY BACKEND TIME] 5 ms
[BACKEND] Solution 1: 1
[BACKEND] Solution 2: 1
[FRONTEND] Request:
------
	4
	Solution: 1
	Time Running: 1 ms
------

[BACKEND] Solution 1: 1
[BACKEND] Solution 2: 1
[FRONTEND] Request:
------
	10
	Solution: 1
	Time Running: 0 ms
------

[BACKEND] Solution 1: 1
[BACKEND] Solution 2: 1
[FRONTEND] Request:
------
	6
	Solution: 1
	Time Running: 4 ms
------

[BACKEND] Solution 1: 1
[BACKEND] Solution 2: 1
[HEALTH] RESTORE BACKEND
[RECOVERY BACKEND TIME] 0 ms
[FRONTEND] Request:
------
	8
	Solution: 1
	Time Running: 0 ms
------

[BACKEND] Solution 1: 2
[BACKEND] Solution 2: 2
[FRONTEND] Request:
------
	11
	Solution: 2
	Time Running: 0 ms
------

[HEALTH] RESTORE BACKEND
[RECOVERY BACKEND TIME] 1 ms
[BACKEND] Solution 1: 1
[BACKEND] Solution 2: 1
[FRONTEND] Request:
------
	4
	Solution: 1
	Time Running: 0 ms
------

[BACKEND] Solution 1: 1
[BACKEND] Solution 2: 1
[FRONTEND] Request:
------
	7
	Solution: 1
	Time Running: 0 ms
------

[BACKEND] Solution 1: 1
[BACKEND] Solution 2: 1
[FRONTEND] Request:
------
	4
	Solution: 1
	Time Running: 0 ms
------

