[FRONTEND] NEW REQUEST: 10,9,5
[FRONTEND] NEW REQUEST: 6,11,4
[FRONTEND] NEW REQUEST: 1,5,11
[FRONTEND] NEW REQUEST: 5,10,1
[FRONTEND] NEW REQUEST: 7,9,1
[FRONTEND] NEW REQUEST: 9,2,9
[FRONTEND] NEW REQUEST: 3,9,2
[FRONTEND] NEW REQUEST: 7,10,3
[FRONTEND] NEW REQUEST: 8,10,4
[FRONTEND] NEW REQUEST: 3,4,8
[BACKEND] Solution 1: 3
[BACKEND] Solution 2: 3
[FRONTEND] Request:
------
	10,9,5
	Solution: 3
	Time Running: 0 ms
------

[BACKEND] Solution 1: 2
[BACKEND] Solution 2: 2
[FRONTEND] Request:
------
	6,11,4
	Solution: 2
	Time Running: 0 ms
------

[BACKEND] Solution 1: 2
[BACKEND] Solution 2: 2
[FRONTEND] Request:
------
	1,5,11
	Solution: 2
	Time Running: 0 ms
------

[BACKEND] Solution 1: 2
[BACKEND] Solution 2: 2
[FRONTEND] Request:
------
	5,10,1
	Solution: 2
	Time Running: 0 ms
------

[BACKEND] Solution 1: 2
[BACKEND] Solution 2: 2
[FRONTEND] Request:
------
	7,9,1
	Solution: 2
	Time Running: 0 ms
------

[BACKEND] Solution 1: 3
[BACKEND] Solution 2: 3
[FRONTEND] Request:
------
	9,2,9
	Solution: 3
	Time Running: 0 ms
------

[HEALTH] RESTORE BACKEND
[RECOVERY BACKEND TIME] 8 ms
[HEALTH] RESTORE BACKEND
[RECOVERY BACKEND TIME] 3 ms
[HEALTH] RESTORE BACKEND
[RECOVERY BACKEND TIME] 34 ms
[BACKEND] Solution 1: 2
[BACKEND] Solution 2: 2
[FRONTEND] Request:
------
	3,9,2
	Solution: 2
	Time Running: 0 ms
------

[BACKEND] Solution 1: 2
[BACKEND] Solution 2: 2
[FRONTEND] Request:
------
	7,10,3
	Solution: 2
	Time Running: 0 ms
------

[BACKEND] Solution 1: 3
[BACKEND] Solution 2: 3
[FRONTEND] Request:
------
	8,10,4
	Solution: 3
	Time Running: 0 ms
------

[BACKEND] Solution 1: 2
[BACKEND] Solution 2: 2
[FRONTEND] Request:
------
	3,4,8
	Solution: 2
	Time Running: 0 ms
------

