[HEALTH] RESTORE BACKEND
[RECOVERY BACKEND TIME] 15 ms
[FRONTEND] NEW REQUEST: 7,6,7,6
[FRONTEND] NEW REQUEST: 5,10,3,2
[FRONTEND] NEW REQUEST: 11,4,9,11
[FRONTEND] NEW REQUEST: 10,3,5,1
[FRONTEND] NEW REQUEST: 2,9,6,8
[FRONTEND] NEW REQUEST: 7,10,11,7
[FRONTEND] NEW REQUEST: 1,1,2,1
[FRONTEND] NEW REQUEST: 7,4,2,7
[FRONTEND] NEW REQUEST: 3,1,9,3
[FRONTEND] NEW REQUEST: 2,1,8,6
[BACKEND] Solution 1: 4
[BACKEND] Solution 2: 4
[HEALTH] RESTORE BACKEND
[FRONTEND] Request:
------
	7,6,7,6
	Solution: 4
	Time Running: 0 ms
------

[RECOVERY BACKEND TIME] 14 ms
[BACKEND] Solution 1: 2
[BACKEND] Solution 2: 2
[FRONTEND] Request:
------
	5,10,3,2
	Solution: 2
	Time Running: 0 ms
------

[BACKEND] Solution 1: 3
[BACKEND] Solution 2: 3
[FRONTEND] Request:
------
	11,4,9,11
	Solution: 3
	Time Running: 0 ms
------

[BACKEND] Solution 1: 2
[BACKEND] Solution 2: 2
[FRONTEND] Request:
------
	10,3,5,1
	Solution: 2
	Time Running: 6 ms
------

[HEALTH] RESTORE BACKEND
[RECOVERY BACKEND TIME] 7 ms
[BACKEND] Solution 1: 3
[BACKEND] Solution 2: 3
[FRONTEND] Request:
------
	2,9,6,8
	Solution: 3
	Time Running: 0 ms
------

[BACKEND] Solution 1: 3
[BACKEND] Solution 2: 3
[FRONTEND] Request:
------
	7,10,11,7
	Solution: 3
	Time Running: 0 ms
------

[BACKEND] Solution 1: 1
[BACKEND] Solution 2: 1
[FRONTEND] Request:
------
	1,1,2,1
	Solution: 1
	Time Running: 0 ms
------

[BACKEND] Solution 1: 3
[BACKEND] Solution 2: 3
[FRONTEND] Request:
------
	7,4,2,7
	Solution: 3
	Time Running: 2 ms
------

[BACKEND] Solution 1: 2
[BACKEND] Solution 2: 2
[FRONTEND] Request:
------
	3,1,9,3
	Solution: 2
	Time Running: 6 ms
------

[BACKEND] Solution 1: 2
[BACKEND] Solution 2: 2
[FRONTEND] Request:
------
	2,1,8,6
	Solution: 2
	Time Running: 0 ms
------

[HEALTH] RESTORE BACKEND
[RECOVERY BACKEND TIME] 14 ms
