[FRONTEND] NEW REQUEST: 8,8,7,6,3
[FRONTEND] NEW REQUEST: 6,7,7,6,6
[FRONTEND] NEW REQUEST: 5,5,8,5,11
[FRONTEND] NEW REQUEST: 4,8,2,5,4
[FRONTEND] NEW REQUEST: 10,3,3,4,2
[FRONTEND] NEW REQUEST: 3,4,8,2,3
[FRONTEND] NEW REQUEST: 10,4,9,9,4
[FRONTEND] NEW REQUEST: 4,8,3,5,4
[FRONTEND] NEW REQUEST: 5,11,11,9,5
[FRONTEND] NEW REQUEST: 3,1,7,9,5
[BACKEND] Solution 1: 4
[BACKEND] Solution 2: 4
[FRONTEND] Request:
------
	8,8,7,6,3
	Solution: 4
	Time Running: 0 ms
------

[BACKEND] Solution 1: 5
[BACKEND] Solution 2: 5
[FRONTEND] Request:
------
	6,7,7,6,6
	Solution: 5
	Time Running: 1 ms
------

[BACKEND] Solution 1: 3
[BACKEND] Solution 2: 3
[FRONTEND] Request:
------
	5,5,8,5,11
	Solution: 3
	Time Running: 0 ms
------

[BACKEND] Solution 1: 3
[BACKEND] Solution 2: 3
[FRONTEND] Request:
------
	4,8,2,5,4
	Solution: 3
	Time Running: 0 ms
------

[BACKEND] Solution 1: 3
[BACKEND] Solution 2: 3
[FRONTEND] Request:
------
	10,3,3,4,2
	Solution: 3
	Time Running: 0 ms
------

[BACKEND] Solution 1: 2
[BACKEND] Solution 2: 2
[FRONTEND] Request:
------
	3,4,8,2,3
	Solution: 2
	Time Running: 1 ms
------

[HEALTH] RESTORE BACKEND
[RECOVERY BACKEND TIME] 11 ms
[BACKEND] Solution 1: 4
[BACKEND] Solution 2: 4
[FRONTEND] Request:
------
	10,4,9,9,4
	Solution: 4
	Time Running: 1 ms
------

[BACKEND] Solution 1: 3
[BACKEND] Solution 2: 3
[FRONTEND] Request:
------
	4,8,3,5,4
	Solution: 3
	Time Running: 1 ms
------

[BACKEND] Solution 1: 3
[BACKEND] Solution 2: 3
[HEALTH] RESTORE BACKEND
[FRONTEND] Request:
------
	5,11,11,9,5
	Solution: 3
	Time Running: 0 ms
------

[RECOVERY BACKEND TIME] 2 ms
[BACKEND] Solution 1: 3
[BACKEND] Solution 2: 3
[FRONTEND] Request:
------
	3,1,7,9,5
	Solution: 3
	Time Running: 0 ms
------

