[HEALTH] RESTORE BACKEND
[RECOVERY BACKEND TIME] 52 ms
[HEALTH] RESTORE BACKEND
[RECOVERY BACKEND TIME] 56 ms
[FRONTEND] NEW REQUEST: 1,6,4,1,7,1
[FRONTEND] NEW REQUEST: 2,1,2,4,6,11
[FRONTEND] NEW REQUEST: 10,1,10,9,2,3
[FRONTEND] NEW REQUEST: 11,1,8,2,2,6
[FRONTEND] NEW REQUEST: 5,6,11,3,2,1
[FRONTEND] NEW REQUEST: 3,5,9,7,6,5
[FRONTEND] NEW REQUEST: 5,9,2,11,5,10
[FRONTEND] NEW REQUEST: 1,6,7,8,5,2
[FRONTEND] NEW REQUEST: 4,10,2,10,1,2
[FRONTEND] NEW REQUEST: 8,3,9,3,5,7
[BACKEND] Solution 1: 2
[BACKEND] Solution 2: 2
[FRONTEND] Request:
------
	1,6,4,1,7,1
	Solution: 2
	Time Running: 12 ms
------

[HEALTH] RESTORE BACKEND
[RECOVERY BACKEND TIME] 24 ms
[HEALTH] RESTORE BACKEND
[RECOVERY BACKEND TIME] 44 ms
[BACKEND] Solution 1: 2
[BACKEND] Solution 2: 2
[FRONTEND] Request:
------
	2,1,2,4,6,11
	Solution: 2
	Time Running: 0 ms
------

[BACKEND] Solution 1: 4
[BACKEND] Solution 2: 4
[FRONTEND] Request:
------
	10,1,10,9,2,3
	Solution: 4
	Time Running: 0 ms
------

[BACKEND] Solution 1: 2
[BACKEND] Solution 2: 2
[FRONTEND] Request:
------
	11,1,8,2,2,6
	Solution: 2
	Time Running: 0 ms
------

[HEALTH] RESTORE BACKEND
[RECOVERY BACKEND TIME] 24 ms
[HEALTH] RESTORE BACKEND
[RECOVERY BACKEND TIME] 20 ms
[BACKEND] Solution 1: 2
[BACKEND] Solution 2: 2
[FRONTEND] Request:
------
	5,6,11,3,2,1
	Solution: 2
	Time Running: 0 ms
------

[BACKEND] Solution 1: 4
[BACKEND] Solution 2: 4
[BACKEND] Solution 1: 4
[BACKEND] Solution 2: 4
[FRONTEND] Request:
------
	3,5,9,7,6,5
	Solution: 4
	Time Running: 0 ms
------

[FRONTEND] Request:
------
	5,9,2,11,5,10
	Solution: 4
	Time Running: 0 ms
------

[BACKEND] Solution 1: 4
[BACKEND] Solution 2: 4
[FRONTEND] Request:
------
	1,6,7,8,5,2
	Solution: 4
	Time Running: 2 ms
------

[BACKEND] Solution 1: 3
[BACKEND] Solution 2: 3
[HEALTH] RESTORE BACKEND
[FRONTEND] Request:
------
	4,10,2,10,1,2
	Solution: 3
	Time Running: 0 ms
------

[RECOVERY BACKEND TIME] 12 ms
[HEALTH] RESTORE BACKEND
[RECOVERY BACKEND TIME] 8 ms
[HEALTH] RESTORE BACKEND
[RECOVERY BACKEND TIME] 12 ms
[HEALTH] RESTORE BACKEND
[RECOVERY BACKEND TIME] 10 ms
[BACKEND] Solution 1: 4
[BACKEND] Solution 2: 4
[FRONTEND] Request:
------
	8,3,9,3,5,7
	Solution: 4
	Time Running: 0 ms
------

