[HEALTH] RESTORE BACKEND
[RECOVERY BACKEND TIME] 79 ms
[HEALTH] RESTORE BACKEND
[RECOVERY BACKEND TIME] 15 ms
[HEALTH] RESTORE BACKEND
[RECOVERY BACKEND TIME] 20 ms
[HEALTH] RESTORE BACKEND
[RECOVERY BACKEND TIME] 24 ms
[HEALTH] RESTORE BACKEND
[RECOVERY BACKEND TIME] 15 ms
[HEALTH] RESTORE BACKEND
[RECOVERY BACKEND TIME] 14 ms
[FRONTEND] NEW REQUEST: 3,1,4,10,5,4,7
[FRONTEND] NEW REQUEST: 2,7,10,6,6,4,9
[FRONTEND] NEW REQUEST: 2,4,9,7,6,1,6
[FRONTEND] NEW REQUEST: 2,4,10,4,9,11,2
[FRONTEND] NEW REQUEST: 10,2,2,5,3,10,6
[FRONTEND] NEW REQUEST: 7,8,7,4,3,3,8
[FRONTEND] NEW REQUEST: 11,7,5,11,5,8,1
[FRONTEND] NEW REQUEST: 6,11,10,5,6,10,1
[FRONTEND] NEW REQUEST: 11,2,5,4,2,1,2
[FRONTEND] NEW REQUEST: 10,4,5,1,9,2,6
[BACKEND] Solution 1: 4
[BACKEND] Solution 2: 4
[HEALTH] RESTORE BACKEND
[FRONTEND] Request:
------
	3,1,4,10,5,4,7
	Solution: 4
	Time Running: 0 ms
------

[RECOVERY BACKEND TIME] 16 ms
[HEALTH] RESTORE BACKEND
[RECOVERY BACKEND TIME] 11 ms
[HEALTH] RESTORE BACKEND
[RECOVERY BACKEND TIME] 13 ms
[BACKEND] Solution 1: 5
[BACKEND] Solution 2: 5
[FRONTEND] Request:
------
	2,7,10,6,6,4,9
	Solution: 5
	Time Running: 1 ms
------

[BACKEND] Solution 1: 4
[BACKEND] Solution 2: 4
[HEALTH] RESTORE BACKEND
[FRONTEND] Request:
------
	2,4,9,7,6,1,6
	Solution: 4
	Time Running: 1 ms
------

[RECOVERY BACKEND TIME] 24 ms
[HEALTH] RESTORE BACKEND
[RECOVERY BACKEND TIME] 20 ms
[HEALTH] RESTORE BACKEND
[RECOVERY BACKEND TIME] 15 ms
[BACKEND] Solution 1: 4
[BACKEND] Solution 2: 4
[FRONTEND] Request:
------
	2,4,10,4,9,11,2
	Solution: 4
	Time Running: 0 ms
------

[BACKEND] Solution 1: 4
[BACKEND] Solution 2: 4
[FRONTEND] Request:
------
	10,2,2,5,3,10,6
	Solution: 4
	Time Running: 0 ms
------

[HEALTH] RESTORE BACKEND
[RECOVERY BACKEND TIME] 27 ms
[HEALTH] RESTORE BACKEND
[RECOVERY BACKEND TIME] 19 ms
[HEALTH] RESTORE BACKEND
[RECOVERY BACKEND TIME] 35 ms
[HEALTH] RESTORE BACKEND
[RECOVERY BACKEND TIME] 24 ms
[BACKEND] Solution 1: 5
[BACKEND] Solution 2: 5
[HEALTH] RESTORE BACKEND
[FRONTEND] Request:
------
	7,8,7,4,3,3,8
	Solution: 5
	Time Running: 1 ms
------

[RECOVERY BACKEND TIME] 23 ms
[HEALTH] RESTORE BACKEND
[RECOVERY BACKEND TIME] 23 ms
[HEALTH] RESTORE BACKEND
[RECOVERY BACKEND TIME] 19 ms
[BACKEND] Solution 1: 3
[BACKEND] Solution 2: 3
[FRONTEND] Request:
------
	11,7,5,11,5,8,1
	Solution: 3
	Time Running: 0 ms
------

[HEALTH] RESTORE BACKEND
[RECOVERY BACKEND TIME] 20 ms
[HEALTH] RESTORE BACKEND
[RECOVERY BACKEND TIME] 16 ms
[HEALTH] RESTORE BACKEND
[RECOVERY BACKEND TIME] 26 ms
[BACKEND] Solution 1: 5
[BACKEND] Solution 2: 5
[FRONTEND] Request:
------
	6,11,10,5,6,10,1
	Solution: 5
	Time Running: 0 ms
------

[BACKEND] Solution 1: 2
[BACKEND] Solution 2: 2
[FRONTEND] Request:
------
	11,2,5,4,2,1,2
	Solution: 2
	Time Running: 1 ms
------

[HEALTH] RESTORE BACKEND
[RECOVERY BACKEND TIME] 28 ms
[HEALTH] RESTORE BACKEND
[RECOVERY BACKEND TIME] 19 ms
[HEALTH] RESTORE BACKEND
[RECOVERY BACKEND TIME] 11 ms
[BACKEND] Solution 1: 4
[BACKEND] Solution 2: 4
[FRONTEND] Request:
------
	10,4,5,1,9,2,6
	Solution: 4
	Time Running: 0 ms
------

[HEALTH] RESTORE BACKEND
[RECOVERY BACKEND TIME] 28 ms
[HEALTH] RESTORE BACKEND
[RECOVERY BACKEND TIME] 24 ms
