[FRONTEND] NEW REQUEST: 8,8,2,5,2,9,8,7
[FRONTEND] NEW REQUEST: 6,9,11,7,2,2,4,7
[FRONTEND] NEW REQUEST: 11,3,2,4,1,10,6,7
[FRONTEND] NEW REQUEST: 8,6,9,4,1,4,5,5
[FRONTEND] NEW REQUEST: 5,4,9,3,4,5,11,9
[FRONTEND] NEW REQUEST: 4,2,11,1,4,10,4,11
[FRONTEND] NEW REQUEST: 1,10,2,9,9,9,1,4
[FRONTEND] NEW REQUEST: 7,10,9,4,2,5,10,1
[FRONTEND] NEW REQUEST: 8,10,2,6,6,7,9,11
[FRONTEND] NEW REQUEST: 9,2,10,2,4,11,11,7
[BACKEND] Solution 1: 6
[BACKEND] Solution 2: 6
[FRONTEND] Request:
------
	8,8,2,5,2,9,8,7
	Solution: 6
	Time Running: 0 ms
------

[BACKEND] Solution 1: 4
[BACKEND] Solution 2: 4
[FRONTEND] Request:
------
	6,9,11,7,2,2,4,7
	Solution: 4
	Time Running: 1 ms
------

[BACKEND] Solution 1: 4
[BACKEND] Solution 2: 4
[FRONTEND] Request:
------
	11,3,2,4,1,10,6,7
	Solution: 4
	Time Running: 1 ms
------

[BACKEND] Solution 1: 5
[BACKEND] Solution 2: 5
[FRONTEND] Request:
------
	8,6,9,4,1,4,5,5
	Solution: 5
	Time Running: 0 ms
------

[BACKEND] Solution 1: 5
[BACKEND] Solution 2: 5
[FRONTEND] Request:
------
	5,4,9,3,4,5,11,9
	Solution: 5
	Time Running: 0 ms
------

[HEALTH] RESTORE BACKEND
[RECOVERY BACKEND TIME] 14 ms
[BACKEND] Solution 1: 3
[BACKEND] Solution 2: 3
[FRONTEND] Request:
------
	4,2,11,1,4,10,4,11
	Solution: 3
	Time Running: 0 ms
------

[HEALTH] RESTORE BACKEND
[RECOVERY BACKEND TIME] 19 ms
[BACKEND] Solution 1: 5
[BACKEND] Solution 2: 5
[FRONTEND] Request:
------
	1,10,2,9,9,9,1,4
	Solution: 5
	Time Running: 0 ms
------

[BACKEND] Solution 1: 5
[BACKEND] Solution 2: 5
[FRONTEND] Request:
------
	7,10,9,4,2,5,10,1
	Solution: 5
	Time Running: 1 ms
------

[BACKEND] Solution 1: 6
[BACKEND] Solution 2: 6
[FRONTEND] Request:
------
	8,10,2,6,6,7,9,11
	Solution: 6
	Time Running: 8 ms
------

[BACKEND] Solution 1: 4
[BACKEND] Solution 2: 4
[FRONTEND] Request:
------
	9,2,10,2,4,11,11,7
	Solution: 4
	Time Running: 1 ms
------

