[FRONTEND] NEW REQUEST: 6,11,6,1,2,7,3,7,5
[FRONTEND] NEW REQUEST: 6,6,2,9,4,6,1,11,5
[FRONTEND] NEW REQUEST: 9,9,10,3,4,5,9,7,7
[FRONTEND] NEW REQUEST: 7,3,5,7,11,10,3,6,7
[FRONTEND] NEW REQUEST: 7,8,11,5,6,7,5,8,2
[FRONTEND] NEW REQUEST: 6,9,9,11,7,7,5,5,3
[FRONTEND] NEW REQUEST: 10,2,11,5,1,2,11,1,3
[FRONTEND] NEW REQUEST: 6,7,5,6,11,8,9,1,8
[FRONTEND] NEW REQUEST: 11,6,3,7,5,4,6,3,11
[FRONTEND] NEW REQUEST: 6,5,9,10,2,2,8,2,11
[BACKEND] Solution 1: 5
[BACKEND] Solution 2: 5
[FRONTEND] Request:
------
	6,11,6,1,2,7,3,7,5
	Solution: 5
	Time Running: 29 ms
------

[BACKEND] Solution 1: 3
[BACKEND] Solution 2: 3
[FRONTEND] Request:
------
	10,2,11,5,1,2,11,1,3
	Solution: 3
	Time Running: 0 ms
------

[BACKEND] Solution 1: 5
[BACKEND] Solution 2: 5
[FRONTEND] Request:
------
	6,6,2,9,4,6,1,11,5
	Solution: 5
	Time Running: 0 ms
------

[BACKEND] Solution 1: 7
[BACKEND] Solution 2: 7
[FRONTEND] Request:
------
	9,9,10,3,4,5,9,7,7
	Solution: 7
	Time Running: 1 ms
------

[BACKEND] Solution 1: 6
[BACKEND] Solution 2: 6
[FRONTEND] Request:
------
	7,3,5,7,11,10,3,6,7
	Solution: 6
	Time Running: 0 ms
------

[BACKEND] Solution 1: 6
[BACKEND] Solution 2: 6
[FRONTEND] Request:
------
	7,8,11,5,6,7,5,8,2
	Solution: 6
	Time Running: 0 ms
------

[BACKEND] Solution 1: 6
[BACKEND] Solution 2: 6
[FRONTEND] Request:
------
	6,9,9,11,7,7,5,5,3
	Solution: 6
	Time Running: 1 ms
------

[BACKEND] Solution 1: 7
[BACKEND] Solution 2: 7
[HEALTH] RESTORE BACKEND
[FRONTEND] Request:
------
	6,7,5,6,11,8,9,1,8
	Solution: 7
	Time Running: 1 ms
------

[RECOVERY BACKEND TIME] 11 ms
[HEALTH] RESTORE BACKEND
[RECOVERY BACKEND TIME] 11 ms
[HEALTH] RESTORE BACKEND
[RECOVERY BACKEND TIME] 13 ms
[BACKEND] Solution 1: 4
[BACKEND] Solution 2: 4
[FRONTEND] Request:
------
	11,6,3,7,5,4,6,3,11
	Solution: 4
	Time Running: 0 ms
------

[BACKEND] Solution 1: 5
[BACKEND] Solution 2: 5
[FRONTEND] Request:
------
	6,5,9,10,2,2,8,2,11
	Solution: 5
	Time Running: 0 ms
------

