[HEALTH] RESTORE BACKEND
[RECOVERY BACKEND TIME] 29 ms
[FRONTEND] NEW REQUEST: 7,7,11,7,2,8,8,3,10,6
[FRONTEND] NEW REQUEST: 11,8,10,3,10,5,7,7,8,7
[FRONTEND] NEW REQUEST: 9,5,5,9,5,11,5,3,2,7
[FRONTEND] NEW REQUEST: 7,3,5,7,11,3,5,4,4,9
[FRONTEND] NEW REQUEST: 2,4,6,11,2,2,4,3,4,10
[FRONTEND] NEW REQUEST: 9,6,7,6,4,10,8,3,3,10
[FRONTEND] NEW REQUEST: 8,7,7,2,9,10,1,7,5,8
[FRONTEND] NEW REQUEST: 1,2,4,9,1,6,10,4,9,4
[FRONTEND] NEW REQUEST: 8,7,8,5,5,5,1,8,7,3
[FRONTEND] NEW REQUEST: 9,1,5,7,9,5,3,4,7,4
[BACKEND] Solution 1: 7
[BACKEND] Solution 2: 7
[FRONTEND] Request:
------
	7,7,11,7,2,8,8,3,10,6
	Solution: 7
	Time Running: 6 ms
------

[BACKEND] Solution 1: 5
[BACKEND] Solution 2: 5
[FRONTEND] Request:
------
	1,2,4,9,1,6,10,4,9,4
	Solution: 5
	Time Running: 2 ms
------

[BACKEND] Solution 1: 8
[BACKEND] Solution 2: 8
[HEALTH] RESTORE BACKEND
[FRONTEND] Request:
------
	11,8,10,3,10,5,7,7,8,7
	Solution: 8
	Time Running: 1 ms
------

[RECOVERY BACKEND TIME] 15 ms
[BACKEND] Solution 1: 6
[BACKEND] Solution 2: 6
[HEALTH] RESTORE BACKEND
[FRONTEND] Request:
------
	9,5,5,9,5,11,5,3,2,7
	Solution: 6
	Time Running: 0 ms
------

[RECOVERY BACKEND TIME] 17 ms
[BACKEND] Solution 1: 5
[BACKEND] Solution 2: 5
[FRONTEND] Request:
------
	7,3,5,7,11,3,5,4,4,9
	Solution: 5
	Time Running: 0 ms
------

[BACKEND] Solution 1: 4
[BACKEND] Solution 2: 4
[HEALTH] RESTORE BACKEND
[FRONTEND] Request:
------
	2,4,6,11,2,2,4,3,4,10
	Solution: 4
	Time Running: 1 ms
------

[RECOVERY BACKEND TIME] 21 ms
[BACKEND] Solution 1: 7
[BACKEND] Solution 2: 7
[HEALTH] RESTORE BACKEND
[FRONTEND] Request:
------
	9,6,7,6,4,10,8,3,3,10
	Solution: 7
	Time Running: 1 ms
------

[RECOVERY BACKEND TIME] 13 ms
[BACKEND] Solution 1: 8
[BACKEND] Solution 2: 8
[FRONTEND] Request:
------
	8,7,7,2,9,10,1,7,5,8
	Solution: 8
	Time Running: 0 ms
------

[BACKEND] Solution 1: 7
[BACKEND] Solution 2: 7
[FRONTEND] Request:
------
	8,7,8,5,5,5,1,8,7,3
	Solution: 7
	Time Running: 2 ms
------

[BACKEND] Solution 1: 6
[BACKEND] Solution 2: 6
[FRONTEND] Request:
------
	9,1,5,7,9,5,3,4,7,4
	Solution: 6
	Time Running: 0 ms
------

[HEALTH] RESTORE BACKEND
[RECOVERY BACKEND TIME] 37 ms
